<?xml version="1.0" encoding="UTF-8"?>
<testng-results skipped="0" failed="0" ignored="0" total="1" passed="1">
  <reporter-output>
  </reporter-output>
  <suite name="Default suite" duration-ms="2715" started-at="2019-12-26T16:40:48Z" finished-at="2019-12-26T16:40:51Z">
    <groups>
    </groups>
    <test name="Default test" duration-ms="2715" started-at="2019-12-26T16:40:48Z" finished-at="2019-12-26T16:40:51Z">
      <class name="apitestrestassured.TcGetRequest">
        <test-method status="PASS" signature="getweatherDetails()[pri:0, instance:apitestrestassured.TcGetRequest@18be83e4]" name="getweatherDetails" duration-ms="2686" started-at="2019-12-26T16:40:48Z" finished-at="2019-12-26T16:40:51Z">
          <reporter-output>
          </reporter-output>
        </test-method> <!-- getweatherDetails -->
      </class> <!-- apitestrestassured.TcGetRequest -->
    </test> <!-- Default test -->
  </suite> <!-- Default suite -->
</testng-results>
